[21:21:25] [ServerMain/INFO]: [bootstrap] Running Java 21 (OpenJDK 64-Bit Server VM 21.0.8+9-Ubuntu-0ubuntu124.04.1; Ubuntu null) on Linux 6.8.0-1030-azure (amd64)
[21:21:25] [ServerMain/INFO]: [bootstrap] Loading Paper 1.21.8-6-main@782ce95 (2025-07-18T20:26:58Z) for Minecraft 1.21.8
[21:21:25] [ServerMain/INFO]: [PluginInitializerManager] Initializing plugins...
[21:21:25] [ServerMain/INFO]: [PluginInitializerManager] Initialized 6 plugins
[21:21:25] [ServerMain/INFO]: [PluginInitializerManager] Bukkit plugins (6):
 - CompassPlayerLocalizer_Alpha (0.1), Graves (4.9.7), SkinsRestorer (15.8.2), TabTPS (1.3.26), ViaBackwards (5.5.1), ViaVersion (5.5.1)
[21:21:30] [ServerMain/WARN]: You specified a resource pack without providing a sha1 hash. Pack will be updated on the client only if you change the name of the pack.
[21:21:30] [ServerMain/WARN]: resource-pack-id missing, using default of 9e4510f2-e3d5-3098-8a97-a2375a136df2
[21:21:30] [ServerMain/INFO]: Environment: Environment[sessionHost=https://sessionserver.mojang.com, servicesHost=https://api.minecraftservices.com, name=PROD]
[21:21:32] [ServerMain/INFO]: Loaded 1407 recipes
[21:21:32] [ServerMain/INFO]: Loaded 1520 advancements
[21:21:32] [ServerMain/INFO]: [ca.spottedleaf.dataconverter.minecraft.datatypes.MCTypeRegistry] Initialising converters for DataConverter...
[21:21:33] [ServerMain/INFO]: [ca.spottedleaf.dataconverter.minecraft.datatypes.MCTypeRegistry] Finished initialising converters for DataConverter in 490.9ms
[21:21:33] [Server thread/INFO]: Starting minecraft server version 1.21.8
[21:21:33] [Server thread/INFO]: Loading properties
[21:21:33] [Server thread/INFO]: This server is running Paper version 1.21.8-6-main@782ce95 (2025-07-18T20:26:58Z) (Implementing API version 1.21.8-R0.1-SNAPSHOT)
[21:21:33] [Server thread/INFO]: [spark] This server bundles the spark profiler. For more information please visit https://docs.papermc.io/paper/profiling
[21:21:33] [Server thread/INFO]: Server Ping Player Sample Count: 12
[21:21:33] [Server thread/INFO]: Using 4 threads for Netty based IO
[21:21:34] [Server thread/INFO]: [MoonriseCommon] Paper is using 1 worker threads, 1 I/O threads
[21:21:34] [Server thread/INFO]: [ChunkTaskScheduler] Chunk system is using population gen parallelism: true
[21:21:35] [Server thread/INFO]: Default game type: SURVIVAL
[21:21:35] [Server thread/INFO]: Generating keypair
[21:21:35] [Server thread/INFO]: Starting Minecraft server on *:25565
[21:21:35] [Server thread/INFO]: Using epoll channel type
[21:21:35] [Server thread/INFO]: Paper: Using libdeflate (Linux x86_64) compression from Velocity.
[21:21:35] [Server thread/INFO]: Paper: Using OpenSSL 3.x.x (Linux x86_64) cipher from Velocity.
[21:21:37] [Server thread/INFO]: [ViaVersion] Loading server plugin ViaVersion v5.5.1
[21:21:37] [Server thread/INFO]: [ViaVersion] ViaVersion 5.5.1 is now loaded. Registering protocol transformers and injecting...
[21:21:37] [Via-Mappingloader-0/INFO]: [ViaVersion] Loading block connection mappings ...
[21:21:37] [Via-Mappingloader-0/INFO]: [ViaVersion] Using FastUtil Long2ObjectOpenHashMap for block connections
[21:21:38] [Server thread/INFO]: [ViaBackwards] Loading translations...
[21:21:38] [Server thread/INFO]: [ViaBackwards] Registering protocols...
[21:21:39] [Server thread/INFO]: [ViaBackwards] Loading server plugin ViaBackwards v5.5.1
[21:21:39] [Server thread/INFO]: [TabTPS] Loading server plugin TabTPS v1.3.26
[21:21:39] [Server thread/INFO]: [Graves] Loading server plugin Graves v4.9.7
[21:21:39] [Server thread/INFO]: [CompassPlayerLocalizer_Alpha] Loading server plugin CompassPlayerLocalizer_Alpha v0.1
[21:21:39] [Server thread/INFO]: [SkinsRestorer] Loading server plugin SkinsRestorer v15.8.2
[21:21:39] [Server thread/INFO]: Server permissions file permissions.yml is empty, ignoring it
[21:21:39] [Server thread/INFO]: [SkinsRestorer] Enabling SkinsRestorer v15.8.2
[21:21:40] [Server thread/INFO]: [SkinsRestorer] Running on Minecraft 1.21.8.
[21:21:40] [Server thread/INFO]: [SkinsRestorer] Using paper join listener!
[21:21:40] [Server thread/WARN]: **** SERVER IS RUNNING IN OFFLINE/INSECURE MODE!
[21:21:40] [Server thread/WARN]: The server will make no attempt to authenticate usernames. Beware.
[21:21:40] [Server thread/WARN]: While this makes the game possible to play without internet access, it also opens up the ability for hackers to connect with any username they choose.
[21:21:40] [Server thread/WARN]: To change this, set "online-mode" to "true" in the server.properties file.
[21:21:40] [Server thread/INFO]: Preparing level "world"
[21:21:40] [Folia Async Scheduler Thread #1/INFO]: [SkinsRestorer] ----------------------------------------------
[21:21:40] [Folia Async Scheduler Thread #1/INFO]: [SkinsRestorer]     +==================+
[21:21:40] [Folia Async Scheduler Thread #1/INFO]: [SkinsRestorer]     |   SkinsRestorer  |
[21:21:40] [Folia Async Scheduler Thread #1/INFO]: [SkinsRestorer]     |------------------|
[21:21:40] [Folia Async Scheduler Thread #1/INFO]: [SkinsRestorer]     |  Standalone Mode |
[21:21:40] [Folia Async Scheduler Thread #1/INFO]: [SkinsRestorer]     +==================+
[21:21:40] [Folia Async Scheduler Thread #1/INFO]: [SkinsRestorer] ----------------------------------------------
[21:21:40] [Folia Async Scheduler Thread #1/INFO]: [SkinsRestorer]     Version: 15.8.2
[21:21:40] [Folia Async Scheduler Thread #1/INFO]: [SkinsRestorer]     Commit: cf773a3
[21:21:40] [Folia Async Scheduler Thread #1/INFO]: [SkinsRestorer]     This is the latest version!
[21:21:40] [Folia Async Scheduler Thread #1/INFO]: [SkinsRestorer] ----------------------------------------------
[21:21:40] [Folia Async Scheduler Thread #1/INFO]: [SkinsRestorer] Do you have issues? Read our troubleshooting guide: https://skinsrestorer.net/docs/troubleshooting
[21:21:40] [Folia Async Scheduler Thread #1/INFO]: [SkinsRestorer] Want to support SkinsRestorer? Consider donating: https://skinsrestorer.net/donate
[21:21:41] [Server thread/INFO]: Preparing start region for dimension minecraft:overworld
[21:21:42] [Server thread/INFO]: Preparing spawn area: 0%
[21:21:42] [Server thread/INFO]: Preparing spawn area: 2%
[21:21:42] [Server thread/INFO]: Preparing spawn area: 32%
[21:21:43] [Server thread/INFO]: Time elapsed: 1205 ms
[21:21:43] [Server thread/INFO]: Preparing start region for dimension minecraft:the_nether
[21:21:43] [Server thread/INFO]: Preparing spawn area: 0%
[21:21:43] [Server thread/INFO]: Preparing spawn area: 63%
[21:21:43] [Server thread/INFO]: Time elapsed: 561 ms
[21:21:43] [Server thread/INFO]: Preparing start region for dimension minecraft:the_end
[21:21:43] [Server thread/INFO]: Preparing spawn area: 0%
[21:21:43] [Server thread/INFO]: Time elapsed: 128 ms
[21:21:43] [Server thread/INFO]: [ViaVersion] Enabling ViaVersion v5.5.1
[21:21:43] [Server thread/INFO]: [ViaVersion] ViaVersion detected server version: 1.21.7-1.21.8 (772)
[21:21:43] [Server thread/INFO]: [ViaBackwards] Enabling ViaBackwards v5.5.1
[21:21:43] [Server thread/INFO]: [TabTPS] Enabling TabTPS v1.3.26
[21:21:44] [Server thread/INFO]: [Graves] Enabling Graves v4.9.7
[21:21:44] [Server thread/INFO]: [Graves] Integration: Hooked into MiniMessage.
[21:21:45] [Server thread/INFO]: [CompassPlayerLocalizer_Alpha] Enabling CompassPlayerLocalizer_Alpha v0.1
[21:21:45] [Server thread/INFO]: [CompassPlayerLocalizer_Alpha] Iniciando Plugin CompassPlayerLocalizer
[21:21:45] [Server thread/INFO]: [spark] Starting background profiler...
[21:21:46] [Server thread/INFO]: Done preparing level "world" (5.395s)
[21:21:46] [Server thread/INFO]: Running delayed init tasks
[21:21:46] [Craft Scheduler Thread - 2 - ViaVersion/INFO]: [ViaVersion] Finished mapping loading, shutting down loader executor.
[21:21:46] [Server thread/INFO]: [Graves] Update: Outdated version detected 4.9.7, latest version is 4.9.9, https://www.spigotmc.org/resources/116202/
[21:21:46] [Server thread/INFO]: Done (22.254s)! For help, type "help"
[21:21:46] [Craft Scheduler Thread - 1 - TabTPS/INFO]: [TabTPS] There is an update available for TabTPS!
[21:21:46] [Craft Scheduler Thread - 1 - TabTPS/INFO]: [TabTPS] This server is running version v1.3.26, which is 3 versions outdated.
[21:21:46] [Craft Scheduler Thread - 1 - TabTPS/INFO]: [TabTPS] Download the latest version, v1.3.29 from GitHub at the link below:
[21:21:46] [Craft Scheduler Thread - 1 - TabTPS/INFO]: [TabTPS] https://github.com/jpenilla/TabTPS/releases/tag/v1.3.29
[21:22:01] [User Authenticator #0/INFO]: UUID of player KedZoka is af334b6e-99af-345f-bdef-5e86f82e3ded
[21:22:01] [Server thread/INFO]: [HorriblePlayerLoginEventHack] You have plugins listening to the PlayerLoginEvent, this will cause re-configuration APIs to be unavailable: [TabTPS]
[21:22:08] [Server thread/INFO]: KedZoka joined the game
[21:22:08] [Server thread/INFO]: KedZoka[/127.98.69.108:35449] logged in with entity id 17 at ([world]-1103.4130882358063, 8.0, -446.7739965464458)
[21:22:27] [Server thread/INFO]: KedZoka lost connection: Disconnected
[21:22:27] [Server thread/INFO]: KedZoka left the game
[21:25:34] [User Authenticator #1/INFO]: UUID of player monedas is 13274ae4-7994-3dfe-b549-31a48b5ab2bc
[21:25:50] [Server thread/INFO]: monedas joined the game
[21:25:50] [Server thread/INFO]: monedas[/127.70.86.70:51011] logged in with entity id 412 at ([world]-1104.2513493310146, 8.0, -450.1568408485198)
[21:26:12] [User Authenticator #1/INFO]: UUID of player KedZoka is af334b6e-99af-345f-bdef-5e86f82e3ded
[21:26:15] [Server thread/INFO]: KedZoka joined the game
[21:26:15] [Server thread/INFO]: KedZoka[/127.98.69.108:54545] logged in with entity id 804 at ([world]-1105.1895151655856, 8.0, -450.12085601396876)
[21:42:48] [Server thread/WARN]: Oak Boat (vehicle of KedZoka) moved wrongly! 0.27161117223090514
[21:44:39] [Server thread/INFO]: [Not Secure] [Server] xd
[21:55:14] [Server thread/INFO]: KedZoka issued server command: /ram
[22:11:13] [Server thread/INFO]: monedas lost connection: Disconnected
[22:11:13] [Server thread/INFO]: monedas left the game
[22:11:17] [Server thread/INFO]: KedZoka lost connection: Disconnected
[22:11:17] [Server thread/INFO]: KedZoka left the game
[22:21:35] [Server thread/INFO]: Stopping the server
[22:21:35] [Server thread/INFO]: Stopping server
[22:21:35] [Server thread/INFO]: [SkinsRestorer] Disabling SkinsRestorer v15.8.2
[22:21:35] [Server thread/INFO]: [CompassPlayerLocalizer_Alpha] Disabling CompassPlayerLocalizer_Alpha v0.1
[22:21:35] [Server thread/INFO]: [CompassPlayerLocalizer_Alpha] Inhabilitando Plugin CompassPlayerLocalizer
[22:21:35] [Server thread/INFO]: [Graves] Disabling Graves v4.9.7
[22:21:35] [Server thread/INFO]: [TabTPS] Disabling TabTPS v1.3.26
[22:21:35] [Server thread/INFO]: [ViaBackwards] Disabling ViaBackwards v5.5.1
[22:21:35] [Server thread/INFO]: [ViaVersion] Disabling ViaVersion v5.5.1
[22:21:35] [Server thread/INFO]: [ViaVersion] ViaVersion has been disabled; uninjected the platform and shut down the scheduler.
[22:21:35] [Server thread/INFO]: Saving players
[22:21:35] [Server thread/INFO]: Saving worlds
[22:21:35] [Server thread/INFO]: Saving chunks for level 'ServerLevel[world]'/minecraft:overworld
[22:21:35] [Server thread/INFO]: [ChunkHolderManager] Waiting 60s for chunk system to halt for world 'world'
[22:21:35] [Server thread/INFO]: [ChunkHolderManager] Halted chunk system for world 'world'
[22:21:35] [Server thread/INFO]: [ChunkHolderManager] Saving all chunkholders for world 'world'
[22:21:35] [Server thread/INFO]: [ChunkHolderManager] Saved 0 block chunks, 5 entity chunks, 0 poi chunks in world 'world' in 0.01s
[22:21:35] [Server thread/INFO]: [ChunkHolderManager] Waiting 60s for chunk I/O to halt for world 'world'
[22:21:35] [Server thread/INFO]: [ChunkHolderManager] Halted I/O scheduler for world 'world'
[22:21:35] [Server thread/INFO]: Saving chunks for level 'ServerLevel[world_nether]'/minecraft:the_nether
[22:21:35] [Server thread/INFO]: [ChunkHolderManager] Waiting 60s for chunk system to halt for world 'world_nether'
[22:21:35] [Server thread/INFO]: [ChunkHolderManager] Halted chunk system for world 'world_nether'
[22:21:35] [Server thread/INFO]: [ChunkHolderManager] Saving all chunkholders for world 'world_nether'
[22:21:35] [Server thread/INFO]: [ChunkHolderManager] Saved 14 block chunks, 89 entity chunks, 0 poi chunks in world 'world_nether' in 0.04s
[22:21:35] [Server thread/INFO]: [ChunkHolderManager] Waiting 60s for chunk I/O to halt for world 'world_nether'
[22:21:35] [Server thread/INFO]: [ChunkHolderManager] Halted I/O scheduler for world 'world_nether'
[22:21:36] [Server thread/INFO]: Saving chunks for level 'ServerLevel[world_the_end]'/minecraft:the_end
[22:21:36] [Server thread/INFO]: [ChunkHolderManager] Waiting 60s for chunk system to halt for world 'world_the_end'
[22:21:36] [Server thread/INFO]: [ChunkHolderManager] Halted chunk system for world 'world_the_end'
[22:21:36] [Server thread/INFO]: [ChunkHolderManager] Saving all chunkholders for world 'world_the_end'
[22:21:36] [Server thread/INFO]: [ChunkHolderManager] Saved 0 block chunks, 10 entity chunks, 0 poi chunks in world 'world_the_end' in 0.00s
[22:21:36] [Server thread/INFO]: [ChunkHolderManager] Waiting 60s for chunk I/O to halt for world 'world_the_end'
[22:21:36] [Server thread/INFO]: [ChunkHolderManager] Halted I/O scheduler for world 'world_the_end'
[22:21:36] [Server thread/INFO]: ThreadedAnvilChunkStorage (world): All chunks are saved
[22:21:36] [Server thread/INFO]: ThreadedAnvilChunkStorage (DIM-1): All chunks are saved
[22:21:36] [Server thread/INFO]: ThreadedAnvilChunkStorage (DIM1): All chunks are saved
[22:21:36] [Server thread/INFO]: ThreadedAnvilChunkStorage: All dimensions are saved
[22:21:36] [Server thread/INFO]: Waiting for all RegionFile I/O tasks to complete...
[22:21:36] [Server thread/INFO]: All RegionFile I/O tasks to complete
[22:21:36] [Server thread/INFO]: [MoonriseCommon] Awaiting termination of worker pool for up to 60s...
[22:21:36] [Server thread/INFO]: [MoonriseCommon] Awaiting termination of I/O pool for up to 60s...
